[train: 1, 50 / 468] FPS: 47.6 (37.7)  ,  DataTime: 0.424 (0.094)  ,  ForwardTime: 2.171  ,  TotalTime: 2.689  ,  Loss/total: 2.49599  ,  Loss/giou: 1.23935  ,  Loss/l1: 0.44519  ,  Loss/location: 0.14367  ,  IoU: 0.02491
[train: 1, 50 / 468] FPS: 51.6 (52.1)  ,  DataTime: 0.227 (0.096)  ,  ForwardTime: 2.157  ,  TotalTime: 2.480  ,  Loss/total: 2.30139  ,  Loss/giou: 1.18622  ,  Loss/l1: 0.34542  ,  Loss/location: 0.25163  ,  IoU: 0.06093
[train: 1, 100 / 468] FPS: 51.8 (54.0)  ,  DataTime: 0.175 (0.094)  ,  ForwardTime: 2.204  ,  TotalTime: 2.473  ,  Loss/total: 2.19339  ,  Loss/giou: 1.13699  ,  Loss/l1: 0.31073  ,  Loss/location: 0.27958  ,  IoU: 0.07753
[train: 1, 150 / 468] FPS: 50.4 (37.1)  ,  DataTime: 0.235 (0.094)  ,  ForwardTime: 2.212  ,  TotalTime: 2.540  ,  Loss/total: 2.10472  ,  Loss/giou: 1.08578  ,  Loss/l1: 0.27905  ,  Loss/location: 0.32132  ,  IoU: 0.09938
[train: 1, 200 / 468] FPS: 49.5 (51.2)  ,  DataTime: 0.273 (0.094)  ,  ForwardTime: 2.217  ,  TotalTime: 2.584  ,  Loss/total: 2.08709  ,  Loss/giou: 1.07524  ,  Loss/l1: 0.27233  ,  Loss/location: 0.33104  ,  IoU: 0.10548
[train: 1, 250 / 468] FPS: 49.1 (56.4)  ,  DataTime: 0.288 (0.094)  ,  ForwardTime: 2.223  ,  TotalTime: 2.605  ,  Loss/total: 2.10503  ,  Loss/giou: 1.08822  ,  Loss/l1: 0.27713  ,  Loss/location: 0.32399  ,  IoU: 0.10386
[train: 1, 300 / 468] FPS: 48.8 (62.6)  ,  DataTime: 0.298 (0.094)  ,  ForwardTime: 2.228  ,  TotalTime: 2.620  ,  Loss/total: 2.10414  ,  Loss/giou: 1.09268  ,  Loss/l1: 0.27755  ,  Loss/location: 0.31758  ,  IoU: 0.10256
[train: 1, 350 / 468] FPS: 48.9 (36.2)  ,  DataTime: 0.300 (0.093)  ,  ForwardTime: 2.223  ,  TotalTime: 2.616  ,  Loss/total: 2.10160  ,  Loss/giou: 1.09547  ,  Loss/l1: 0.27726  ,  Loss/location: 0.31299  ,  IoU: 0.10190
[train: 1, 400 / 468] FPS: 49.1 (59.6)  ,  DataTime: 0.291 (0.094)  ,  ForwardTime: 2.224  ,  TotalTime: 2.609  ,  Loss/total: 2.08383  ,  Loss/giou: 1.08419  ,  Loss/l1: 0.27159  ,  Loss/location: 0.32066  ,  IoU: 0.10583
[train: 1, 450 / 468] FPS: 49.0 (52.1)  ,  DataTime: 0.286 (0.093)  ,  ForwardTime: 2.234  ,  TotalTime: 2.614  ,  Loss/total: 2.07351  ,  Loss/giou: 1.07663  ,  Loss/l1: 0.26823  ,  Loss/location: 0.32631  ,  IoU: 0.10956
[train: 1, 468 / 468] FPS: 49.1 (62.4)  ,  DataTime: 0.287 (0.093)  ,  ForwardTime: 2.227  ,  TotalTime: 2.607  ,  Loss/total: 2.07363  ,  Loss/giou: 1.07707  ,  Loss/l1: 0.26854  ,  Loss/location: 0.32522  ,  IoU: 0.10934
[val: 1, 50 / 78] FPS: 30.4 (254.3)  ,  DataTime: 3.832 (0.115)  ,  ForwardTime: 0.259  ,  TotalTime: 4.206  ,  Loss/total: 1.89855  ,  Loss/giou: 0.94194  ,  Loss/l1: 0.22268  ,  Loss/location: 0.39991  ,  IoU: 0.14679
[val: 1, 78 / 78] FPS: 31.3 (68.3)  ,  DataTime: 3.716 (0.115)  ,  ForwardTime: 0.260  ,  TotalTime: 4.091  ,  Loss/total: 1.90022  ,  Loss/giou: 0.94317  ,  Loss/l1: 0.22316  ,  Loss/location: 0.39914  ,  IoU: 0.14626
[train: 2, 50 / 468] FPS: 45.5 (19.5)  ,  DataTime: 0.464 (0.096)  ,  ForwardTime: 2.253  ,  TotalTime: 2.813  ,  Loss/total: 2.03170  ,  Loss/giou: 1.03352  ,  Loss/l1: 0.26378  ,  Loss/location: 0.33873  ,  IoU: 0.11988
[train: 2, 100 / 468] FPS: 48.5 (51.8)  ,  DataTime: 0.314 (0.093)  ,  ForwardTime: 2.235  ,  TotalTime: 2.642  ,  Loss/total: 2.23078  ,  Loss/giou: 1.20259  ,  Loss/l1: 0.31900  ,  Loss/location: 0.23069  ,  IoU: 0.07535
[train: 2, 150 / 468] FPS: 48.8 (48.4)  ,  DataTime: 0.292 (0.093)  ,  ForwardTime: 2.237  ,  TotalTime: 2.622  ,  Loss/total: 2.19539  ,  Loss/giou: 1.17365  ,  Loss/l1: 0.30878  ,  Loss/location: 0.24979  ,  IoU: 0.08224
[train: 2, 200 / 468] FPS: 48.9 (49.1)  ,  DataTime: 0.267 (0.095)  ,  ForwardTime: 2.254  ,  TotalTime: 2.616  ,  Loss/total: 2.17853  ,  Loss/giou: 1.15979  ,  Loss/l1: 0.30480  ,  Loss/location: 0.25673  ,  IoU: 0.08499
[train: 2, 250 / 468] FPS: 49.2 (41.2)  ,  DataTime: 0.249 (0.096)  ,  ForwardTime: 2.259  ,  TotalTime: 2.604  ,  Loss/total: 2.27193  ,  Loss/giou: 1.23418  ,  Loss/l1: 0.33004  ,  Loss/location: 0.21266  ,  IoU: 0.06984
[train: 2, 300 / 468] FPS: 49.2 (47.3)  ,  DataTime: 0.236 (0.096)  ,  ForwardTime: 2.271  ,  TotalTime: 2.603  ,  Loss/total: 2.28506  ,  Loss/giou: 1.25267  ,  Loss/l1: 0.33223  ,  Loss/location: 0.20183  ,  IoU: 0.06524
[train: 2, 350 / 468] FPS: 49.2 (41.9)  ,  DataTime: 0.240 (0.096)  ,  ForwardTime: 2.265  ,  TotalTime: 2.601  ,  Loss/total: 2.24022  ,  Loss/giou: 1.21558  ,  Loss/l1: 0.32132  ,  Loss/location: 0.22135  ,  IoU: 0.07211
[train: 2, 400 / 468] FPS: 49.1 (55.8)  ,  DataTime: 0.238 (0.096)  ,  ForwardTime: 2.273  ,  TotalTime: 2.607  ,  Loss/total: 2.25377  ,  Loss/giou: 1.22831  ,  Loss/l1: 0.32479  ,  Loss/location: 0.21350  ,  IoU: 0.06940
[train: 2, 450 / 468] FPS: 49.0 (53.0)  ,  DataTime: 0.242 (0.096)  ,  ForwardTime: 2.272  ,  TotalTime: 2.610  ,  Loss/total: 2.29511  ,  Loss/giou: 1.26755  ,  Loss/l1: 0.33441  ,  Loss/location: 0.19153  ,  IoU: 0.06199
[train: 2, 468 / 468] FPS: 49.2 (91.9)  ,  DataTime: 0.244 (0.096)  ,  ForwardTime: 2.263  ,  TotalTime: 2.603  ,  Loss/total: 2.30830  ,  Loss/giou: 1.27963  ,  Loss/l1: 0.33761  ,  Loss/location: 0.18466  ,  IoU: 0.05968
[val: 2, 50 / 78] FPS: 32.3 (291.0)  ,  DataTime: 3.587 (0.117)  ,  ForwardTime: 0.257  ,  TotalTime: 3.961  ,  Loss/total: 2.64593  ,  Loss/giou: 1.58685  ,  Loss/l1: 0.41961  ,  Loss/location: 0.01006  ,  IoU: 0.00153
[val: 2, 78 / 78] FPS: 32.6 (554.7)  ,  DataTime: 3.559 (0.113)  ,  ForwardTime: 0.251  ,  TotalTime: 3.924  ,  Loss/total: 2.64953  ,  Loss/giou: 1.58846  ,  Loss/l1: 0.42056  ,  Loss/location: 0.00967  ,  IoU: 0.00145
[train: 3, 50 / 468] FPS: 46.2 (43.1)  ,  DataTime: 0.550 (0.085)  ,  ForwardTime: 2.135  ,  TotalTime: 2.770  ,  Loss/total: 2.63726  ,  Loss/giou: 1.57219  ,  Loss/l1: 0.41865  ,  Loss/location: 0.01845  ,  IoU: 0.00322
[train: 3, 100 / 468] FPS: 47.7 (34.8)  ,  DataTime: 0.434 (0.089)  ,  ForwardTime: 2.163  ,  TotalTime: 2.685  ,  Loss/total: 2.62801  ,  Loss/giou: 1.56988  ,  Loss/l1: 0.41574  ,  Loss/location: 0.01879  ,  IoU: 0.00329
[train: 3, 150 / 468] FPS: 47.9 (56.3)  ,  DataTime: 0.393 (0.089)  ,  ForwardTime: 2.188  ,  TotalTime: 2.670  ,  Loss/total: 2.62194  ,  Loss/giou: 1.56612  ,  Loss/l1: 0.41361  ,  Loss/location: 0.02178  ,  IoU: 0.00435
[train: 3, 200 / 468] FPS: 48.0 (51.0)  ,  DataTime: 0.372 (0.090)  ,  ForwardTime: 2.202  ,  TotalTime: 2.664  ,  Loss/total: 2.59888  ,  Loss/giou: 1.55773  ,  Loss/l1: 0.40652  ,  Loss/location: 0.02484  ,  IoU: 0.00511
[train: 3, 250 / 468] FPS: 48.0 (53.9)  ,  DataTime: 0.346 (0.091)  ,  ForwardTime: 2.230  ,  TotalTime: 2.667  ,  Loss/total: 2.58880  ,  Loss/giou: 1.55811  ,  Loss/l1: 0.40292  ,  Loss/location: 0.02337  ,  IoU: 0.00460
[train: 3, 300 / 468] FPS: 48.0 (48.2)  ,  DataTime: 0.341 (0.091)  ,  ForwardTime: 2.233  ,  TotalTime: 2.665  ,  Loss/total: 2.57577  ,  Loss/giou: 1.55029  ,  Loss/l1: 0.39927  ,  Loss/location: 0.02730  ,  IoU: 0.00586
[train: 3, 350 / 468] FPS: 48.2 (55.3)  ,  DataTime: 0.325 (0.092)  ,  ForwardTime: 2.241  ,  TotalTime: 2.658  ,  Loss/total: 2.56688  ,  Loss/giou: 1.54230  ,  Loss/l1: 0.39692  ,  Loss/location: 0.03228  ,  IoU: 0.00752
[train: 3, 400 / 468] FPS: 47.8 (53.3)  ,  DataTime: 0.352 (0.091)  ,  ForwardTime: 2.235  ,  TotalTime: 2.677  ,  Loss/total: 2.54061  ,  Loss/giou: 1.51735  ,  Loss/l1: 0.39047  ,  Loss/location: 0.04708  ,  IoU: 0.01238
[train: 3, 450 / 468] FPS: 47.2 (33.5)  ,  DataTime: 0.405 (0.091)  ,  ForwardTime: 2.215  ,  TotalTime: 2.712  ,  Loss/total: 2.50995  ,  Loss/giou: 1.49119  ,  Loss/l1: 0.38297  ,  Loss/location: 0.06134  ,  IoU: 0.01720
[train: 3, 468 / 468] FPS: 47.1 (96.5)  ,  DataTime: 0.415 (0.090)  ,  ForwardTime: 2.210  ,  TotalTime: 2.715  ,  Loss/total: 2.49819  ,  Loss/giou: 1.48093  ,  Loss/l1: 0.37998  ,  Loss/location: 0.06731  ,  IoU: 0.01927
[val: 3, 50 / 78] FPS: 31.8 (191.6)  ,  DataTime: 3.641 (0.119)  ,  ForwardTime: 0.263  ,  TotalTime: 4.022  ,  Loss/total: 2.10252  ,  Loss/giou: 1.12438  ,  Loss/l1: 0.28086  ,  Loss/location: 0.27599  ,  IoU: 0.09486
[val: 3, 78 / 78] FPS: 33.7 (114.4)  ,  DataTime: 3.433 (0.114)  ,  ForwardTime: 0.256  ,  TotalTime: 3.802  ,  Loss/total: 2.10281  ,  Loss/giou: 1.12437  ,  Loss/l1: 0.28105  ,  Loss/location: 0.27582  ,  IoU: 0.09457
[train: 4, 50 / 468] FPS: 42.4 (62.2)  ,  DataTime: 1.035 (0.080)  ,  ForwardTime: 1.901  ,  TotalTime: 3.017  ,  Loss/total: 2.29830  ,  Loss/giou: 1.28389  ,  Loss/l1: 0.33435  ,  Loss/location: 0.17852  ,  IoU: 0.05786
[train: 4, 100 / 468] FPS: 43.8 (57.0)  ,  DataTime: 0.895 (0.081)  ,  ForwardTime: 1.950  ,  TotalTime: 2.926  ,  Loss/total: 2.28646  ,  Loss/giou: 1.29171  ,  Loss/l1: 0.32934  ,  Loss/location: 0.17140  ,  IoU: 0.05509
[train: 4, 150 / 468] FPS: 43.9 (56.0)  ,  DataTime: 0.842 (0.082)  ,  ForwardTime: 1.993  ,  TotalTime: 2.918  ,  Loss/total: 2.28044  ,  Loss/giou: 1.27111  ,  Loss/l1: 0.33086  ,  Loss/location: 0.18218  ,  IoU: 0.05830
[train: 4, 200 / 468] FPS: 44.2 (51.2)  ,  DataTime: 0.788 (0.085)  ,  ForwardTime: 2.026  ,  TotalTime: 2.898  ,  Loss/total: 2.23758  ,  Loss/giou: 1.22953  ,  Loss/l1: 0.32147  ,  Loss/location: 0.20438  ,  IoU: 0.06641
[train: 4, 250 / 468] FPS: 44.2 (54.3)  ,  DataTime: 0.764 (0.085)  ,  ForwardTime: 2.047  ,  TotalTime: 2.896  ,  Loss/total: 2.26275  ,  Loss/giou: 1.24762  ,  Loss/l1: 0.32869  ,  Loss/location: 0.19343  ,  IoU: 0.06241
[train: 4, 300 / 468] FPS: 44.3 (61.3)  ,  DataTime: 0.754 (0.085)  ,  ForwardTime: 2.052  ,  TotalTime: 2.891  ,  Loss/total: 2.27177  ,  Loss/giou: 1.25485  ,  Loss/l1: 0.33091  ,  Loss/location: 0.18964  ,  IoU: 0.06149
[train: 4, 350 / 468] FPS: 44.5 (48.6)  ,  DataTime: 0.719 (0.085)  ,  ForwardTime: 2.072  ,  TotalTime: 2.877  ,  Loss/total: 2.26476  ,  Loss/giou: 1.24655  ,  Loss/l1: 0.32908  ,  Loss/location: 0.19552  ,  IoU: 0.06397
[train: 4, 400 / 468] FPS: 44.5 (54.9)  ,  DataTime: 0.701 (0.086)  ,  ForwardTime: 2.088  ,  TotalTime: 2.874  ,  Loss/total: 2.26049  ,  Loss/giou: 1.24285  ,  Loss/l1: 0.32805  ,  Loss/location: 0.19750  ,  IoU: 0.06489
[train: 4, 450 / 468] FPS: 44.7 (58.1)  ,  DataTime: 0.675 (0.087)  ,  ForwardTime: 2.102  ,  TotalTime: 2.864  ,  Loss/total: 2.25821  ,  Loss/giou: 1.24026  ,  Loss/l1: 0.32765  ,  Loss/location: 0.19882  ,  IoU: 0.06558
[train: 4, 468 / 468] FPS: 44.7 (85.1)  ,  DataTime: 0.673 (0.088)  ,  ForwardTime: 2.101  ,  TotalTime: 2.861  ,  Loss/total: 2.26220  ,  Loss/giou: 1.24251  ,  Loss/l1: 0.32889  ,  Loss/location: 0.19745  ,  IoU: 0.06512
[val: 4, 50 / 78] FPS: 33.2 (29.8)  ,  DataTime: 3.493 (0.115)  ,  ForwardTime: 0.248  ,  TotalTime: 3.856  ,  Loss/total: 2.27099  ,  Loss/giou: 1.22873  ,  Loss/l1: 0.33430  ,  Loss/location: 0.20652  ,  IoU: 0.07096
[val: 4, 78 / 78] FPS: 33.6 (123.5)  ,  DataTime: 3.446 (0.113)  ,  ForwardTime: 0.246  ,  TotalTime: 3.805  ,  Loss/total: 2.26702  ,  Loss/giou: 1.22640  ,  Loss/l1: 0.33327  ,  Loss/location: 0.20743  ,  IoU: 0.07126
[train: 5, 50 / 468] FPS: 45.1 (53.0)  ,  DataTime: 0.675 (0.090)  ,  ForwardTime: 2.075  ,  TotalTime: 2.840  ,  Loss/total: 2.57220  ,  Loss/giou: 1.47253  ,  Loss/l1: 0.41021  ,  Loss/location: 0.07415  ,  IoU: 0.02150
[train: 5, 100 / 468] FPS: 45.7 (54.5)  ,  DataTime: 0.568 (0.090)  ,  ForwardTime: 2.140  ,  TotalTime: 2.799  ,  Loss/total: 2.39073  ,  Loss/giou: 1.32132  ,  Loss/l1: 0.36501  ,  Loss/location: 0.15689  ,  IoU: 0.04998
[train: 5, 150 / 468] FPS: 45.4 (53.5)  ,  DataTime: 0.589 (0.089)  ,  ForwardTime: 2.142  ,  TotalTime: 2.820  ,  Loss/total: 2.43443  ,  Loss/giou: 1.34236  ,  Loss/l1: 0.37753  ,  Loss/location: 0.14825  ,  IoU: 0.04720
[train: 5, 200 / 468] FPS: 43.8 (88.6)  ,  DataTime: 0.746 (0.086)  ,  ForwardTime: 2.087  ,  TotalTime: 2.920  ,  Loss/total: 2.52434  ,  Loss/giou: 1.41117  ,  Loss/l1: 0.39991  ,  Loss/location: 0.11340  ,  IoU: 0.03589
[train: 5, 250 / 468] FPS: 43.6 (36.9)  ,  DataTime: 0.791 (0.086)  ,  ForwardTime: 2.062  ,  TotalTime: 2.938  ,  Loss/total: 2.57894  ,  Loss/giou: 1.45440  ,  Loss/l1: 0.41346  ,  Loss/location: 0.09090  ,  IoU: 0.02874
[train: 5, 300 / 468] FPS: 43.4 (42.8)  ,  DataTime: 0.807 (0.086)  ,  ForwardTime: 2.055  ,  TotalTime: 2.949  ,  Loss/total: 2.61484  ,  Loss/giou: 1.48295  ,  Loss/l1: 0.42231  ,  Loss/location: 0.07610  ,  IoU: 0.02403
[train: 5, 350 / 468] FPS: 43.1 (78.3)  ,  DataTime: 0.831 (0.087)  ,  ForwardTime: 2.051  ,  TotalTime: 2.969  ,  Loss/total: 2.55370  ,  Loss/giou: 1.43602  ,  Loss/l1: 0.40628  ,  Loss/location: 0.10198  ,  IoU: 0.03305
[train: 5, 400 / 468] FPS: 43.0 (28.7)  ,  DataTime: 0.853 (0.086)  ,  ForwardTime: 2.038  ,  TotalTime: 2.977  ,  Loss/total: 2.48471  ,  Loss/giou: 1.38214  ,  Loss/l1: 0.38839  ,  Loss/location: 0.13159  ,  IoU: 0.04384
[train: 5, 450 / 468] FPS: 42.9 (55.8)  ,  DataTime: 0.854 (0.086)  ,  ForwardTime: 2.042  ,  TotalTime: 2.983  ,  Loss/total: 2.47221  ,  Loss/giou: 1.37052  ,  Loss/l1: 0.38580  ,  Loss/location: 0.13720  ,  IoU: 0.04553
[train: 5, 468 / 468] FPS: 43.0 (99.4)  ,  DataTime: 0.851 (0.086)  ,  ForwardTime: 2.037  ,  TotalTime: 2.974  ,  Loss/total: 2.47131  ,  Loss/giou: 1.37054  ,  Loss/l1: 0.38551  ,  Loss/location: 0.13700  ,  IoU: 0.04539
[val: 5, 50 / 78] FPS: 29.7 (15.2)  ,  DataTime: 3.930 (0.117)  ,  ForwardTime: 0.260  ,  TotalTime: 4.307  ,  Loss/total: 2.22006  ,  Loss/giou: 1.19501  ,  Loss/l1: 0.31763  ,  Loss/location: 0.23098  ,  IoU: 0.07769
[train: 1, 50 / 468] FPS: 50.0 (53.8)  ,  DataTime: 0.409 (0.095)  ,  ForwardTime: 2.058  ,  TotalTime: 2.561  ,  Loss/total: 2.30139  ,  Loss/giou: 1.18622  ,  Loss/l1: 0.34542  ,  Loss/location: 0.25163  ,  IoU: 0.06093
[train: 1, 100 / 468] FPS: 50.4 (57.0)  ,  DataTime: 0.291 (0.093)  ,  ForwardTime: 2.156  ,  TotalTime: 2.540  ,  Loss/total: 2.19339  ,  Loss/giou: 1.13699  ,  Loss/l1: 0.31073  ,  Loss/location: 0.27958  ,  IoU: 0.07753
[train: 1, 150 / 468] FPS: 50.1 (41.8)  ,  DataTime: 0.284 (0.093)  ,  ForwardTime: 2.176  ,  TotalTime: 2.553  ,  Loss/total: 2.10472  ,  Loss/giou: 1.08578  ,  Loss/l1: 0.27905  ,  Loss/location: 0.32132  ,  IoU: 0.09938
[train: 1, 200 / 468] FPS: 49.9 (51.6)  ,  DataTime: 0.275 (0.092)  ,  ForwardTime: 2.197  ,  TotalTime: 2.565  ,  Loss/total: 2.08709  ,  Loss/giou: 1.07524  ,  Loss/l1: 0.27233  ,  Loss/location: 0.33104  ,  IoU: 0.10548
[train: 1, 250 / 468] FPS: 49.9 (52.6)  ,  DataTime: 0.266 (0.093)  ,  ForwardTime: 2.207  ,  TotalTime: 2.565  ,  Loss/total: 2.10503  ,  Loss/giou: 1.08822  ,  Loss/l1: 0.27713  ,  Loss/location: 0.32399  ,  IoU: 0.10386
[train: 1, 300 / 468] FPS: 49.2 (48.3)  ,  DataTime: 0.299 (0.092)  ,  ForwardTime: 2.208  ,  TotalTime: 2.599  ,  Loss/total: 2.10414  ,  Loss/giou: 1.09268  ,  Loss/l1: 0.27755  ,  Loss/location: 0.31758  ,  IoU: 0.10256
[train: 1, 350 / 468] FPS: 48.8 (28.2)  ,  DataTime: 0.345 (0.091)  ,  ForwardTime: 2.187  ,  TotalTime: 2.623  ,  Loss/total: 2.10160  ,  Loss/giou: 1.09547  ,  Loss/l1: 0.27726  ,  Loss/location: 0.31299  ,  IoU: 0.10190
[train: 1, 400 / 468] FPS: 48.8 (66.2)  ,  DataTime: 0.362 (0.091)  ,  ForwardTime: 2.172  ,  TotalTime: 2.625  ,  Loss/total: 2.08383  ,  Loss/giou: 1.08419  ,  Loss/l1: 0.27159  ,  Loss/location: 0.32066  ,  IoU: 0.10583
[train: 1, 450 / 468] FPS: 48.6 (54.7)  ,  DataTime: 0.367 (0.091)  ,  ForwardTime: 2.175  ,  TotalTime: 2.633  ,  Loss/total: 2.07351  ,  Loss/giou: 1.07663  ,  Loss/l1: 0.26823  ,  Loss/location: 0.32631  ,  IoU: 0.10956
[train: 1, 468 / 468] FPS: 48.7 (73.2)  ,  DataTime: 0.367 (0.091)  ,  ForwardTime: 2.169  ,  TotalTime: 2.627  ,  Loss/total: 2.07363  ,  Loss/giou: 1.07707  ,  Loss/l1: 0.26854  ,  Loss/location: 0.32522  ,  IoU: 0.10934
[val: 1, 50 / 78] FPS: 30.8 (97.1)  ,  DataTime: 3.775 (0.118)  ,  ForwardTime: 0.261  ,  TotalTime: 4.154  ,  Loss/total: 1.89855  ,  Loss/giou: 0.94194  ,  Loss/l1: 0.22268  ,  Loss/location: 0.39991  ,  IoU: 0.14679
[val: 1, 78 / 78] FPS: 31.8 (26.7)  ,  DataTime: 3.654 (0.118)  ,  ForwardTime: 0.257  ,  TotalTime: 4.029  ,  Loss/total: 1.90022  ,  Loss/giou: 0.94317  ,  Loss/l1: 0.22316  ,  Loss/location: 0.39914  ,  IoU: 0.14626
[train: 2, 50 / 468] FPS: 42.9 (19.2)  ,  DataTime: 0.827 (0.084)  ,  ForwardTime: 2.074  ,  TotalTime: 2.986  ,  Loss/total: 2.03170  ,  Loss/giou: 1.03352  ,  Loss/l1: 0.26378  ,  Loss/location: 0.33873  ,  IoU: 0.11988
[train: 2, 100 / 468] FPS: 46.2 (55.9)  ,  DataTime: 0.628 (0.085)  ,  ForwardTime: 2.058  ,  TotalTime: 2.771  ,  Loss/total: 2.23078  ,  Loss/giou: 1.20259  ,  Loss/l1: 0.31900  ,  Loss/location: 0.23069  ,  IoU: 0.07535
[train: 2, 150 / 468] FPS: 46.8 (49.6)  ,  DataTime: 0.562 (0.088)  ,  ForwardTime: 2.085  ,  TotalTime: 2.735  ,  Loss/total: 2.19539  ,  Loss/giou: 1.17365  ,  Loss/l1: 0.30878  ,  Loss/location: 0.24979  ,  IoU: 0.08224
[train: 2, 200 / 468] FPS: 47.1 (41.7)  ,  DataTime: 0.496 (0.090)  ,  ForwardTime: 2.129  ,  TotalTime: 2.716  ,  Loss/total: 2.17853  ,  Loss/giou: 1.15979  ,  Loss/l1: 0.30480  ,  Loss/location: 0.25673  ,  IoU: 0.08499
[train: 2, 250 / 468] FPS: 47.5 (34.2)  ,  DataTime: 0.459 (0.091)  ,  ForwardTime: 2.144  ,  TotalTime: 2.694  ,  Loss/total: 2.27193  ,  Loss/giou: 1.23418  ,  Loss/l1: 0.33004  ,  Loss/location: 0.21266  ,  IoU: 0.06984
[train: 2, 300 / 468] FPS: 47.7 (35.9)  ,  DataTime: 0.430 (0.090)  ,  ForwardTime: 2.161  ,  TotalTime: 2.681  ,  Loss/total: 2.28506  ,  Loss/giou: 1.25267  ,  Loss/l1: 0.33223  ,  Loss/location: 0.20183  ,  IoU: 0.06524
[train: 2, 350 / 468] FPS: 48.0 (44.3)  ,  DataTime: 0.405 (0.090)  ,  ForwardTime: 2.173  ,  TotalTime: 2.668  ,  Loss/total: 2.24022  ,  Loss/giou: 1.21558  ,  Loss/l1: 0.32132  ,  Loss/location: 0.22135  ,  IoU: 0.07211
[train: 2, 400 / 468] FPS: 48.0 (58.7)  ,  DataTime: 0.386 (0.090)  ,  ForwardTime: 2.188  ,  TotalTime: 2.664  ,  Loss/total: 2.25377  ,  Loss/giou: 1.22831  ,  Loss/l1: 0.32479  ,  Loss/location: 0.21350  ,  IoU: 0.06940
[train: 2, 450 / 468] FPS: 48.1 (54.4)  ,  DataTime: 0.381 (0.091)  ,  ForwardTime: 2.190  ,  TotalTime: 2.662  ,  Loss/total: 2.29511  ,  Loss/giou: 1.26755  ,  Loss/l1: 0.33441  ,  Loss/location: 0.19153  ,  IoU: 0.06199
[train: 2, 468 / 468] FPS: 48.2 (89.2)  ,  DataTime: 0.380 (0.090)  ,  ForwardTime: 2.184  ,  TotalTime: 2.653  ,  Loss/total: 2.30830  ,  Loss/giou: 1.27963  ,  Loss/l1: 0.33761  ,  Loss/location: 0.18466  ,  IoU: 0.05968
[val: 2, 50 / 78] FPS: 33.0 (281.4)  ,  DataTime: 3.500 (0.113)  ,  ForwardTime: 0.265  ,  TotalTime: 3.879  ,  Loss/total: 2.64593  ,  Loss/giou: 1.58685  ,  Loss/l1: 0.41961  ,  Loss/location: 0.01006  ,  IoU: 0.00153
[val: 2, 78 / 78] FPS: 33.4 (469.6)  ,  DataTime: 3.457 (0.114)  ,  ForwardTime: 0.262  ,  TotalTime: 3.833  ,  Loss/total: 2.64953  ,  Loss/giou: 1.58846  ,  Loss/l1: 0.42056  ,  Loss/location: 0.00967  ,  IoU: 0.00145
[train: 3, 50 / 468] FPS: 45.4 (44.5)  ,  DataTime: 0.680 (0.085)  ,  ForwardTime: 2.055  ,  TotalTime: 2.820  ,  Loss/total: 2.63726  ,  Loss/giou: 1.57219  ,  Loss/l1: 0.41865  ,  Loss/location: 0.01845  ,  IoU: 0.00322
[train: 3, 100 / 468] FPS: 46.8 (39.6)  ,  DataTime: 0.542 (0.088)  ,  ForwardTime: 2.104  ,  TotalTime: 2.735  ,  Loss/total: 2.62801  ,  Loss/giou: 1.56988  ,  Loss/l1: 0.41574  ,  Loss/location: 0.01879  ,  IoU: 0.00329
[train: 3, 150 / 468] FPS: 47.2 (59.4)  ,  DataTime: 0.477 (0.089)  ,  ForwardTime: 2.143  ,  TotalTime: 2.709  ,  Loss/total: 2.62194  ,  Loss/giou: 1.56612  ,  Loss/l1: 0.41361  ,  Loss/location: 0.02178  ,  IoU: 0.00435
[train: 3, 200 / 468] FPS: 47.7 (50.7)  ,  DataTime: 0.429 (0.090)  ,  ForwardTime: 2.162  ,  TotalTime: 2.682  ,  Loss/total: 2.59888  ,  Loss/giou: 1.55773  ,  Loss/l1: 0.40652  ,  Loss/location: 0.02484  ,  IoU: 0.00511
[train: 3, 250 / 468] FPS: 47.8 (46.8)  ,  DataTime: 0.395 (0.091)  ,  ForwardTime: 2.190  ,  TotalTime: 2.676  ,  Loss/total: 2.58880  ,  Loss/giou: 1.55811  ,  Loss/l1: 0.40292  ,  Loss/location: 0.02337  ,  IoU: 0.00460
[train: 3, 300 / 468] FPS: 48.0 (59.1)  ,  DataTime: 0.387 (0.091)  ,  ForwardTime: 2.190  ,  TotalTime: 2.668  ,  Loss/total: 2.57577  ,  Loss/giou: 1.55029  ,  Loss/l1: 0.39927  ,  Loss/location: 0.02730  ,  IoU: 0.00586
[train: 3, 350 / 468] FPS: 48.2 (55.5)  ,  DataTime: 0.367 (0.091)  ,  ForwardTime: 2.198  ,  TotalTime: 2.656  ,  Loss/total: 2.56688  ,  Loss/giou: 1.54230  ,  Loss/l1: 0.39692  ,  Loss/location: 0.03228  ,  IoU: 0.00752
[train: 3, 400 / 468] FPS: 48.2 (52.7)  ,  DataTime: 0.349 (0.092)  ,  ForwardTime: 2.214  ,  TotalTime: 2.654  ,  Loss/total: 2.54061  ,  Loss/giou: 1.51735  ,  Loss/l1: 0.39047  ,  Loss/location: 0.04708  ,  IoU: 0.01238
[train: 3, 450 / 468] FPS: 48.3 (46.6)  ,  DataTime: 0.343 (0.092)  ,  ForwardTime: 2.217  ,  TotalTime: 2.653  ,  Loss/total: 2.50995  ,  Loss/giou: 1.49119  ,  Loss/l1: 0.38297  ,  Loss/location: 0.06134  ,  IoU: 0.01720
[train: 3, 468 / 468] FPS: 48.3 (86.9)  ,  DataTime: 0.341 (0.092)  ,  ForwardTime: 2.217  ,  TotalTime: 2.650  ,  Loss/total: 2.49819  ,  Loss/giou: 1.48093  ,  Loss/l1: 0.37998  ,  Loss/location: 0.06731  ,  IoU: 0.01927
[val: 3, 50 / 78] FPS: 31.6 (73.8)  ,  DataTime: 3.655 (0.124)  ,  ForwardTime: 0.272  ,  TotalTime: 4.051  ,  Loss/total: 2.10252  ,  Loss/giou: 1.12438  ,  Loss/l1: 0.28086  ,  Loss/location: 0.27599  ,  IoU: 0.09486
[val: 3, 78 / 78] FPS: 33.7 (100.2)  ,  DataTime: 3.415 (0.122)  ,  ForwardTime: 0.263  ,  TotalTime: 3.800  ,  Loss/total: 2.10281  ,  Loss/giou: 1.12437  ,  Loss/l1: 0.28105  ,  Loss/location: 0.27582  ,  IoU: 0.09457
[train: 4, 50 / 468] FPS: 46.8 (47.9)  ,  DataTime: 0.606 (0.087)  ,  ForwardTime: 2.043  ,  TotalTime: 2.736  ,  Loss/total: 2.29830  ,  Loss/giou: 1.28389  ,  Loss/l1: 0.33435  ,  Loss/location: 0.17852  ,  IoU: 0.05786
[train: 4, 100 / 468] FPS: 48.2 (37.2)  ,  DataTime: 0.459 (0.090)  ,  ForwardTime: 2.105  ,  TotalTime: 2.653  ,  Loss/total: 2.28646  ,  Loss/giou: 1.29171  ,  Loss/l1: 0.32934  ,  Loss/location: 0.17140  ,  IoU: 0.05509
[train: 4, 150 / 468] FPS: 48.3 (55.0)  ,  DataTime: 0.400 (0.090)  ,  ForwardTime: 2.157  ,  TotalTime: 2.648  ,  Loss/total: 2.28044  ,  Loss/giou: 1.27111  ,  Loss/l1: 0.33086  ,  Loss/location: 0.18218  ,  IoU: 0.05830
[train: 4, 200 / 468] FPS: 48.6 (54.6)  ,  DataTime: 0.375 (0.090)  ,  ForwardTime: 2.171  ,  TotalTime: 2.636  ,  Loss/total: 2.23758  ,  Loss/giou: 1.22953  ,  Loss/l1: 0.32147  ,  Loss/location: 0.20438  ,  IoU: 0.06641
[train: 4, 250 / 468] FPS: 48.5 (43.7)  ,  DataTime: 0.359 (0.090)  ,  ForwardTime: 2.190  ,  TotalTime: 2.640  ,  Loss/total: 2.26275  ,  Loss/giou: 1.24762  ,  Loss/l1: 0.32869  ,  Loss/location: 0.19343  ,  IoU: 0.06241
[train: 4, 300 / 468] FPS: 48.5 (53.8)  ,  DataTime: 0.358 (0.090)  ,  ForwardTime: 2.193  ,  TotalTime: 2.641  ,  Loss/total: 2.27177  ,  Loss/giou: 1.25485  ,  Loss/l1: 0.33091  ,  Loss/location: 0.18964  ,  IoU: 0.06149
[train: 4, 350 / 468] FPS: 48.5 (50.4)  ,  DataTime: 0.339 (0.090)  ,  ForwardTime: 2.209  ,  TotalTime: 2.638  ,  Loss/total: 2.26476  ,  Loss/giou: 1.24655  ,  Loss/l1: 0.32908  ,  Loss/location: 0.19552  ,  IoU: 0.06397
[train: 4, 400 / 468] FPS: 48.5 (53.5)  ,  DataTime: 0.331 (0.091)  ,  ForwardTime: 2.217  ,  TotalTime: 2.639  ,  Loss/total: 2.26049  ,  Loss/giou: 1.24285  ,  Loss/l1: 0.32805  ,  Loss/location: 0.19750  ,  IoU: 0.06489
[train: 4, 450 / 468] FPS: 48.5 (54.1)  ,  DataTime: 0.325 (0.091)  ,  ForwardTime: 2.223  ,  TotalTime: 2.639  ,  Loss/total: 2.25821  ,  Loss/giou: 1.24026  ,  Loss/l1: 0.32765  ,  Loss/location: 0.19882  ,  IoU: 0.06558
[train: 4, 468 / 468] FPS: 48.7 (98.0)  ,  DataTime: 0.320 (0.091)  ,  ForwardTime: 2.220  ,  TotalTime: 2.631  ,  Loss/total: 2.26220  ,  Loss/giou: 1.24251  ,  Loss/l1: 0.32889  ,  Loss/location: 0.19745  ,  IoU: 0.06512
[val: 4, 50 / 78] FPS: 33.5 (58.3)  ,  DataTime: 3.442 (0.117)  ,  ForwardTime: 0.256  ,  TotalTime: 3.815  ,  Loss/total: 2.27099  ,  Loss/giou: 1.22873  ,  Loss/l1: 0.33430  ,  Loss/location: 0.20652  ,  IoU: 0.07096
[val: 4, 78 / 78] FPS: 34.0 (126.8)  ,  DataTime: 3.402 (0.116)  ,  ForwardTime: 0.248  ,  TotalTime: 3.766  ,  Loss/total: 2.26702  ,  Loss/giou: 1.22640  ,  Loss/l1: 0.33327  ,  Loss/location: 0.20743  ,  IoU: 0.07126
[train: 5, 50 / 468] FPS: 47.8 (55.0)  ,  DataTime: 0.450 (0.094)  ,  ForwardTime: 2.134  ,  TotalTime: 2.677  ,  Loss/total: 2.57220  ,  Loss/giou: 1.47253  ,  Loss/l1: 0.41021  ,  Loss/location: 0.07415  ,  IoU: 0.02150
[train: 5, 100 / 468] FPS: 48.7 (60.7)  ,  DataTime: 0.330 (0.094)  ,  ForwardTime: 2.205  ,  TotalTime: 2.629  ,  Loss/total: 2.39073  ,  Loss/giou: 1.32132  ,  Loss/l1: 0.36501  ,  Loss/location: 0.15689  ,  IoU: 0.04998
[train: 5, 150 / 468] FPS: 48.8 (39.1)  ,  DataTime: 0.299 (0.095)  ,  ForwardTime: 2.229  ,  TotalTime: 2.623  ,  Loss/total: 2.43443  ,  Loss/giou: 1.34236  ,  Loss/l1: 0.37753  ,  Loss/location: 0.14825  ,  IoU: 0.04720
[train: 5, 200 / 468] FPS: 48.6 (67.4)  ,  DataTime: 0.281 (0.095)  ,  ForwardTime: 2.256  ,  TotalTime: 2.632  ,  Loss/total: 2.52434  ,  Loss/giou: 1.41117  ,  Loss/l1: 0.39991  ,  Loss/location: 0.11340  ,  IoU: 0.03589
[train: 5, 250 / 468] FPS: 48.7 (41.8)  ,  DataTime: 0.269 (0.096)  ,  ForwardTime: 2.266  ,  TotalTime: 2.631  ,  Loss/total: 2.57894  ,  Loss/giou: 1.45440  ,  Loss/l1: 0.41346  ,  Loss/location: 0.09090  ,  IoU: 0.02874
[train: 5, 300 / 468] FPS: 48.4 (38.1)  ,  DataTime: 0.279 (0.095)  ,  ForwardTime: 2.268  ,  TotalTime: 2.643  ,  Loss/total: 2.61484  ,  Loss/giou: 1.48295  ,  Loss/l1: 0.42231  ,  Loss/location: 0.07610  ,  IoU: 0.02403
[train: 5, 350 / 468] FPS: 48.1 (59.1)  ,  DataTime: 0.303 (0.096)  ,  ForwardTime: 2.264  ,  TotalTime: 2.663  ,  Loss/total: 2.55370  ,  Loss/giou: 1.43602  ,  Loss/l1: 0.40628  ,  Loss/location: 0.10198  ,  IoU: 0.03305
[train: 5, 400 / 468] FPS: 48.0 (35.9)  ,  DataTime: 0.313 (0.095)  ,  ForwardTime: 2.257  ,  TotalTime: 2.666  ,  Loss/total: 2.48471  ,  Loss/giou: 1.38214  ,  Loss/l1: 0.38839  ,  Loss/location: 0.13159  ,  IoU: 0.04384
[train: 5, 450 / 468] FPS: 47.9 (50.3)  ,  DataTime: 0.316 (0.095)  ,  ForwardTime: 2.259  ,  TotalTime: 2.670  ,  Loss/total: 2.47221  ,  Loss/giou: 1.37052  ,  Loss/l1: 0.38580  ,  Loss/location: 0.13720  ,  IoU: 0.04553
[train: 5, 468 / 468] FPS: 48.1 (91.8)  ,  DataTime: 0.316 (0.095)  ,  ForwardTime: 2.249  ,  TotalTime: 2.661  ,  Loss/total: 2.47131  ,  Loss/giou: 1.37054  ,  Loss/l1: 0.38551  ,  Loss/location: 0.13700  ,  IoU: 0.04539
[val: 5, 50 / 78] FPS: 31.4 (22.9)  ,  DataTime: 3.699 (0.119)  ,  ForwardTime: 0.259  ,  TotalTime: 4.077  ,  Loss/total: 2.22006  ,  Loss/giou: 1.19501  ,  Loss/l1: 0.31763  ,  Loss/location: 0.23098  ,  IoU: 0.07769
