WARNING: You are using tensorboardX instead sis you have a too old pytorch version.
Don't care for tensorboard
could not load torchsix!
@@TRAX:hello "trax.name=" "trax.family=" "trax.multiobject=1" "trax.image=path;" "trax.region=mask;" "trax.description=" "trax.version=4" "vot=python" "trax.channels=color;" 
@@TRAX:quit 
WARNING: You are using tensorboardX instead sis you have a too old pytorch version.
Don't care for tensorboard
could not load torchsix!
@@TRAX:hello "trax.name=" "trax.family=" "trax.multiobject=1" "trax.image=path;" "trax.region=mask;" "trax.description=" "trax.version=4" "vot=python" "trax.channels=color;" 
@@TRAX:initialize "mask:802,246,48,25,1,7,41,9,38,12,36,13,35,22,26,37,11,41,7,43,5,44,4,45,3,46,3,46,3,45,4,45,4,3,2,38,11,32,17,30,19,29,20,13,4,11,21,4,3,5,4,11,21,4,4,4,4,12,21,3,4,5,5,10,21,3,5,6,7,6,21,3,5,6,34,3,5,6" 
@@TRAX:frame "file:///home/moritz/Research/SMAT/VOT_TAMworkspace/sequences/animal/color/00000001.jpg" 
@@TRAX:state "mask:802,246,48,25,1,7,41,9,38,12,36,13,35,22,26,37,11,41,7,43,5,44,4,45,3,46,3,46,3,45,4,45,4,3,2,38,11,32,17,30,19,29,20,13,4,11,21,4,3,5,4,11,21,4,4,4,4,12,21,3,4,5,5,10,21,3,5,6,7,6,21,3,5,6,34,3,5,6" 
@@TRAX:frame "file:///home/moritz/Research/SMAT/VOT_TAMworkspace/sequences/animal/color/00000002.jpg" 
Image encoder compilation is enabled. First forward pass will be slow.
test config:  {'MODEL': {'PRETRAIN_FILE': 'mobilevitv2-2.0.pt', 'EXTRA_MERGER': False, 'TYPE_EMB': False, 'TYPE_EMBV2': False, 'RETURN_INTER': False, 'RETURN_STAGES': [], 'BACKBONE': {'TYPE': 'lowformer_b15', 'STRIDE': 16, 'MID_PE': False, 'SEP_SEG': False, 'CAT_MODE': 'direct', 'MERGE_LAYER': 0, 'ADD_CLS_TOKEN': False, 'CLS_TOKEN_USE_MODE': 'ignore', 'MIXED_ATTN': True, 'EFFTRACK': False}, 'NECK': {'TYPE': 'BN_PWXCORR', 'NUM_CHANNS_POST_XCORR': 49}, 'HEAD': {'TYPE': 'CENTER_SSAT_LOWFORM', 'NUM_CHANNELS': 160}}, 'TRAIN': {'LR': 0.0004, 'WEIGHT_DECAY': 0.0001, 'EPOCH': 300, 'LR_DROP_EPOCH': 240, 'BATCH_SIZE': 128, 'NUM_WORKER': 5, 'OPTIMIZER': 'ADAMW', 'BACKBONE_MULTIPLIER': 0.1, 'GIOU_WEIGHT': 2.0, 'L1_WEIGHT': 5.0, 'FREEZE_LAYERS': [0], 'PRINT_INTERVAL': 50, 'VAL_EPOCH_INTERVAL': 1, 'GRAD_CLIP_NORM': 0.1, 'AMP': False, 'SCHEDULER': {'TYPE': 'step', 'DECAY_RATE': 0.1}}, 'DATA': {'SAMPLER_MODE': 'causal', 'MEAN': [0.485, 0.456, 0.406], 'STD': [0.229, 0.224, 0.225], 'MAX_SAMPLE_INTERVAL': 200, 'TRAIN': {'DATASETS_NAME': ['LASOT', 'GOT10K_train_full', 'COCO17'], 'DATASETS_RATIO': [1, 1, 1], 'SAMPLE_PER_EPOCH': 60000}, 'VAL': {'DATASETS_NAME': ['GOT10K_official_val'], 'DATASETS_RATIO': [1], 'SAMPLE_PER_EPOCH': 10000}, 'SEARCH': {'SIZE': 224, 'FACTOR': 4.0, 'CENTER_JITTER': 3, 'SCALE_JITTER': 0.25, 'NUMBER': 1}, 'TEMPLATE': {'NUMBER': 1, 'SIZE': 112, 'FACTOR': 2.0, 'CENTER_JITTER': 0, 'SCALE_JITTER': 0}}, 'TEST': {'DEVICE': 'cuda', 'TEMPLATE_FACTOR': 2.0, 'TEMPLATE_SIZE': 112, 'SEARCH_FACTOR': 4.0, 'SEARCH_SIZE': 224, 'EPOCH': 300}}
checkpoint from epoch -1 and its best validation result is 81.180
{'PRETRAIN_FILE': 'mobilevitv2-2.0.pt', 'EXTRA_MERGER': False, 'TYPE_EMB': False, 'TYPE_EMBV2': False, 'RETURN_INTER': False, 'RETURN_STAGES': [], 'BACKBONE': {'TYPE': 'lowformer_b15', 'STRIDE': 16, 'MID_PE': False, 'SEP_SEG': False, 'CAT_MODE': 'direct', 'MERGE_LAYER': 0, 'ADD_CLS_TOKEN': False, 'CLS_TOKEN_USE_MODE': 'ignore', 'MIXED_ATTN': True, 'EFFTRACK': False}, 'NECK': {'TYPE': 'BN_PWXCORR', 'NUM_CHANNS_POST_XCORR': 49}, 'HEAD': {'TYPE': 'CENTER_SSAT_LOWFORM', 'NUM_CHANNELS': 160}}
mobilevit-init!
get_model.py torch.Size([1, 160, 14, 14])
SOT checkpoint is loaded: /home/moritz/Research/SMAT/output/checkpoints/train/mobilevitv2_track/mobilevitv2_256_128x1_ep300_lasot_got_coco_lowformit_b15/MobileViTv2_Track_ep0300.pth.tar
<lib.test.tracker.VOT_lowformer_track.MobileViTv2Track object at 0x74ff97522390>
predict tam initiated (720, 1280, 3) cuda:0 [np.float64(806.4865550994873), np.float64(243.71431827545166), np.float64(50.405887603759766), np.float64(29.105756759643555)]
@@TRAX:quit 
image set
prediction done!
result is returned now... (720, 1280) uint8
@@TRAX:state "mask:0,0,1280,720,313129,9,1269,13,1266,15,1265,17,1262,21,1259,26,1254,33,1247,44,1236,48,1232,49,1231,50,1230,50,1231,49,1232,48,1233,46,1236,44,1237,42,1238,42,1238,42,1238,41,1239,41,1240,41,1239,41,1239,42,1238,42,1239,16,7,18,1239,12,14,14,1241,10,17,11,1245,2" 
Process exited with code (-15)
